<?xml version="1.0" encoding="UTF-8"?>
<!-- Generated by org.testng.reporters.JUnitXMLReporter -->
<testsuite hostname="PNQ-AKSHAY-A-L" ignored="0" name="DPE2.0_AllTests" tests="1" failures="0" timestamp="04 Jul 2019 15:20:35 GMT" time="0.017" errors="0">
  <testcase name="@BeforeSuite initSuite" time="0.0" classname="com.pwc.dpe.DPETests">
    <failure type="java.lang.IllegalStateException" message="The driver executable does not exist: C:\AutoWB\DPE\driversWindows\chromedriver.exe">
      <![CDATA[java.lang.IllegalStateException: The driver executable does not exist: C:\AutoWB\DPE\driversWindows\chromedriver.exe
	at com.google.common.base.Preconditions.checkState(Preconditions.java:518)
	at org.openqa.selenium.remote.service.DriverService.checkExecutable(DriverService.java:136)
	at org.openqa.selenium.remote.service.DriverService.findExecutable(DriverService.java:131)
	at org.openqa.selenium.chrome.ChromeDriverService.access$000(ChromeDriverService.java:32)
	at org.openqa.selenium.chrome.ChromeDriverService$Builder.findDefaultExecutable(ChromeDriverService.java:137)
	at org.openqa.selenium.remote.service.DriverService$Builder.build(DriverService.java:330)
	at org.openqa.selenium.chrome.ChromeDriverService.createDefaultService(ChromeDriverService.java:88)
	at org.openqa.selenium.chrome.ChromeDriver.<init>(ChromeDriver.java:148)
	at com.pwc.dpe.DPETests.initSuite(DPETests.java:90)
... Removed 19 stack frames]]>
    </failure>
  </testcase> <!-- @BeforeSuite initSuite -->
  <testcase name="@BeforeMethod initTest" time="0.0" classname="com.pwc.dpe.DPETests">
    <skipped/>
  </testcase> <!-- @BeforeMethod initTest -->
  <testcase name="WEB_1" time="0.0" classname="com.pwc.dpe.DPETests">
    <skipped/>
  </testcase> <!-- WEB_1 -->
</testsuite> <!-- DPE2.0_AllTests -->
